<?xml version="1.0" encoding="UTF-8"?>
<!-- Generated by org.testng.reporters.JUnitXMLReporter -->
<testsuite hostname="AmitNahum" ignored="0" name="Eribank Android" tests="1" failures="0" timestamp="18 אפר 2018 14:22:32 GMT" time="38.756" errors="0">
  <testcase name="@BeforeMethod beforeMethod" time="0.0" classname="com.seetest.framework.BaseTest">
    <failure type="com.experitest.client.InternalException" message="The lockDeviceForExecution failed with error: &amp;apos;Xpath illegal. Following xpath was provided: @name=&amp;apos;Demo Cloud&amp;apos;s iPhone 8 Plus B0166&amp;apos;&amp;apos;">
      <![CDATA[com.experitest.client.InternalException: The lockDeviceForExecution failed with error: 'Xpath illegal. Following xpath was provided: @name='Demo Cloud's iPhone 8 Plus B0166''
	at com.experitest.client.GridClient.lockDeviceForExecution(GridClient.java:394)
	at com.experitest.client.GridClient.lockDeviceForExecution(GridClient.java:227)
	at com.seetest.framework.BaseTest.createGridClient(BaseTest.java:69)
	at com.seetest.framework.BaseTest.beforeMethod(BaseTest.java:160)
	at java.util.concurrent.FutureTask.run(Unknown Source)
	at java.util.concurrent.ThreadPoolExecutor.runWorker(Unknown Source)
	at java.util.concurrent.ThreadPoolExecutor$Worker.run(Unknown Source)
	at java.lang.Thread.run(Unknown Source)
... Removed 18 stack frames]]>
    </failure>
  </testcase> <!-- @BeforeMethod beforeMethod -->
  <testcase name="@AfterMethod afterMethod" time="0.0" classname="com.seetest.framework.BaseTest">
    <skipped/>
  </testcase> <!-- @AfterMethod afterMethod -->
  <testcase name="@AfterClass afterClass" time="0.0" classname="com.seetest.framework.BaseTest">
    <skipped/>
  </testcase> <!-- @AfterClass afterClass -->
  <testcase name="@AfterTest afterTest" time="0.0" classname="com.seetest.framework.BaseTest">
    <skipped/>
  </testcase> <!-- @AfterTest afterTest -->
  <testcase name="VerfiyHomePageUI" time="6.246" classname="com.seetest.apps.eribank.tests.Sanity"/>
</testsuite> <!-- Eribank Android -->
