<?xml version="1.0" encoding="UTF-8"?>
<!-- Generated by org.testng.reporters.JUnitXMLReporter -->
<testsuite hostname="DrorStainberg" ignored="0" name="Morgan Stanley Web Android" tests="2" failures="0" timestamp="16 May 2017 18:41:05 GMT" time="59.811" errors="0">
  <testcase name="VerfiyHomePageUI" time="11.699" classname="com.seetest.apps.morgan_stanley.web.tests.Sanity"/>
  <testcase name="verifyHomePageExternalLink" time="4.94" classname="com.seetest.apps.morgan_stanley.web.tests.Sanity"/>
</testsuite> <!-- Morgan Stanley Web Android -->
