<?xml version="1.0" encoding="UTF-8"?>
<!-- Generated by org.testng.reporters.JUnitXMLReporter -->
<testsuite hostname="DrorStainberg" ignored="0" name="Morgan Stanley Web iOS" tests="2" failures="2" timestamp="16 May 2017 18:40:45 GMT" time="39.493" errors="0">
  <testcase name="VerfiyHomePageUI" time="4.9" classname="com.seetest.apps.morgan_stanley.web.tests.Sanity">
    <failure type="java.lang.AssertionError" message="Verify Ideas Tab expected [true] but found [false]">
      <![CDATA[java.lang.AssertionError: Verify Ideas Tab expected [true] but found [false]
	at com.seetest.framework.BasePage.seeTestAssert(BasePage.java:36)
	at com.seetest.apps.morgan_stanley.web.pages.HomePage.verifyIdeasTab(HomePage.java:62)
	at com.seetest.apps.morgan_stanley.web.tests.Sanity.VerfiyHomePageUI(Sanity.java:14)
	at java.util.concurrent.FutureTask.run(Unknown Source)
	at java.util.concurrent.ThreadPoolExecutor.runWorker(Unknown Source)
	at java.util.concurrent.ThreadPoolExecutor$Worker.run(Unknown Source)
	at java.lang.Thread.run(Unknown Source)
... Removed 19 stack frames]]>
    </failure>
  </testcase> <!-- VerfiyHomePageUI -->
  <testcase name="verifyHomePageExternalLink" time="2.372" classname="com.seetest.apps.morgan_stanley.web.tests.Sanity">
    <failure type="java.lang.AssertionError" message="Verify Twitter Icon expected [true] but found [false]">
      <![CDATA[java.lang.AssertionError: Verify Twitter Icon expected [true] but found [false]
	at com.seetest.framework.BasePage.seeTestAssert(BasePage.java:36)
	at com.seetest.apps.morgan_stanley.web.pages.HomePage.verifyTwitterIcon(HomePage.java:82)
	at com.seetest.apps.morgan_stanley.web.tests.Sanity.verifyHomePageExternalLink(Sanity.java:25)
	at java.util.concurrent.FutureTask.run(Unknown Source)
	at java.util.concurrent.ThreadPoolExecutor.runWorker(Unknown Source)
	at java.util.concurrent.ThreadPoolExecutor$Worker.run(Unknown Source)
	at java.lang.Thread.run(Unknown Source)
... Removed 19 stack frames]]>
    </failure>
  </testcase> <!-- verifyHomePageExternalLink -->
</testsuite> <!-- Morgan Stanley Web iOS -->
