<?xml version="1.0" encoding="UTF-8"?>
<testng-results skipped="0" failed="0" ignored="0" total="1" passed="1">
  <reporter-output>
  </reporter-output>
  <suite name="Default suite" duration-ms="104269" started-at="2018-04-25T16:11:44Z" finished-at="2018-04-25T16:13:29Z">
    <groups>
      <group name="seetest">
        <method signature="SimulateCaptureBarcodeAndroid.testEHI()[pri:0, instance:other.SimulateCaptureBarcodeAndroid@5c7fa833]" name="testEHI" class="other.SimulateCaptureBarcodeAndroid"/>
      </group> <!-- seetest -->
    </groups>
    <test name="Default test" duration-ms="104269" started-at="2018-04-25T16:11:44Z" finished-at="2018-04-25T16:13:29Z">
      <class name="other.SimulateCaptureBarcodeAndroid">
        <test-method status="PASS" signature="setUp()[pri:0, instance:other.SimulateCaptureBarcodeAndroid@5c7fa833]" name="setUp" is-config="true" duration-ms="30642" started-at="2018-04-25T19:11:45Z" finished-at="2018-04-25T19:12:15Z">
          <reporter-output>
          </reporter-output>
        </test-method> <!-- setUp -->
        <test-method status="PASS" signature="testEHI()[pri:0, instance:other.SimulateCaptureBarcodeAndroid@5c7fa833]" name="testEHI" duration-ms="70671" started-at="2018-04-25T19:12:15Z" finished-at="2018-04-25T19:13:26Z">
          <reporter-output>
          </reporter-output>
        </test-method> <!-- testEHI -->
        <test-method status="PASS" signature="tearDown()[pri:0, instance:other.SimulateCaptureBarcodeAndroid@5c7fa833]" name="tearDown" is-config="true" duration-ms="2913" started-at="2018-04-25T19:13:26Z" finished-at="2018-04-25T19:13:29Z">
          <reporter-output>
          </reporter-output>
        </test-method> <!-- tearDown -->
      </class> <!-- other.SimulateCaptureBarcodeAndroid -->
    </test> <!-- Default test -->
  </suite> <!-- Default suite -->
</testng-results>
